<?xml version="1.0" encoding="UTF-8"?>
<!-- Generated by org.testng.reporters.JUnitReportReporter -->
<testsuite hostname="LAPTOP-CQ4SEIPQ" failures="0" tests="2" name="UnitTests.Publisher_Application" time="12.792" errors="0" timestamp="30 Mar 2018 02:34:44 GMT" skipped="0">
  <testcase classname="UnitTests.Publisher_Application" name="Navigate_To_Publisher_Portal" time="9.403"/>
  <testcase classname="UnitTests.Publisher_Application" name="Positive_Publisher_Login" time="3.389"/>
</testsuite> <!-- UnitTests.Publisher_Application -->
