<?xml version="1.0" encoding="UTF-8"?>
<!-- Generated by org.testng.reporters.JUnitReportReporter -->
<testsuite hostname="LAPTOP-CQ4SEIPQ" failures="0" tests="5" name="UnitTests.Publisher_Application" time="41.512" errors="0" timestamp="12 Apr 2018 19:19:44 GMT" skipped="0">
  <testcase classname="UnitTests.Publisher_Application" name="Verify_Publisher_URL" time="6.734"/>
  <testcase classname="UnitTests.Publisher_Application" name="Verify_Publisher_Title" time="6.025"/>
  <testcase classname="UnitTests.Publisher_Application" name="Positive_Publisher_Login" time="9.909"/>
  <testcase classname="UnitTests.Publisher_Application" name="Negative_Publisher_Login" time="9.084"/>
  <testcase classname="UnitTests.Publisher_Application" name="Verify_New_Publisher_Button_Is_Enabled" time="9.760"/>
</testsuite> <!-- UnitTests.Publisher_Application -->
