<?xml version="1.0" encoding="UTF-8"?>
<!-- Generated by org.testng.reporters.JUnitReportReporter -->
<testsuite hostname="LAPTOP-CQ4SEIPQ" failures="0" tests="5" name="UnitTests.Publisher_Application" time="52.868" errors="0" timestamp="03 Apr 2018 13:29:14 GMT" skipped="0">
  <testcase classname="UnitTests.Publisher_Application" name="Verify_Publisher_URL" time="7.694"/>
  <testcase classname="UnitTests.Publisher_Application" name="Verify_Publisher_Title" time="8.527"/>
  <testcase classname="UnitTests.Publisher_Application" name="Positive_Publisher_Login" time="12.277"/>
  <testcase classname="UnitTests.Publisher_Application" name="Negative_Publisher_Login" time="11.276"/>
  <testcase classname="UnitTests.Publisher_Application" name="Verify_New_Publisher_Button_Is_Enabled" time="13.094"/>
</testsuite> <!-- UnitTests.Publisher_Application -->
