<?xml version="1.0" encoding="UTF-8"?>
<!-- Generated by org.testng.reporters.JUnitReportReporter -->
<testsuite hostname="LAPTOP-CQ4SEIPQ" failures="0" tests="1" name="Publisher.CIP_Application" time="67.282" errors="0" timestamp="04 May 2018 18:26:55 GMT" skipped="0">
  <testcase classname="Publisher.CIP_Application" name="newCIPApplication" time="67.282"/>
</testsuite> <!-- Publisher.CIP_Application -->
