<?xml version="1.0" encoding="UTF-8"?>
<!-- Generated by org.testng.reporters.JUnitReportReporter -->
<testsuite hostname="LAPTOP-CQ4SEIPQ" failures="0" tests="6" name="UnitTests.Author_Application" time="60.902" errors="0" timestamp="13 Apr 2018 15:09:13 GMT" skipped="0">
  <testcase classname="UnitTests.Author_Application" name="Verify_Author_URL" time="10.178"/>
  <testcase classname="UnitTests.Author_Application" name="Verify_Author_Title" time="8.552"/>
  <testcase classname="UnitTests.Author_Application" name="Positive_Author_Login" time="10.545"/>
  <testcase classname="UnitTests.Author_Application" name="Negative_Author_Login" time="9.455"/>
  <testcase classname="UnitTests.Author_Application" name="Verify_New_Author_Button_Is_Enabled" time="10.871"/>
  <testcase classname="UnitTests.Author_Application" name="Verify_Author_LogOut" time="11.301"/>
</testsuite> <!-- UnitTests.Author_Application -->
