<?xml version="1.0" encoding="UTF-8"?>
<!-- Generated by org.testng.reporters.JUnitReportReporter -->
<testsuite hostname="LAPTOP-CQ4SEIPQ" failures="0" tests="5" name="UnitTests.Author_Application" time="42.013" errors="0" timestamp="02 Apr 2018 15:18:17 GMT" skipped="0">
  <testcase classname="UnitTests.Author_Application" name="Verify_Author_URL" time="7.991"/>
  <testcase classname="UnitTests.Author_Application" name="Verify_Author_Title" time="7.001"/>
  <testcase classname="UnitTests.Author_Application" name="Positive_Author_Login" time="8.746"/>
  <testcase classname="UnitTests.Author_Application" name="Negative_Author_Login" time="8.860"/>
  <testcase classname="UnitTests.Author_Application" name="Verify_New_Author_Button_Is_Enabled" time="9.415"/>
</testsuite> <!-- UnitTests.Author_Application -->
