<?xml version="1.0" encoding="UTF-8"?>
<!-- Generated by org.testng.reporters.JUnitReportReporter -->
<testsuite hostname="LAPTOP-CQ4SEIPQ" failures="0" tests="1" name="Publisher.PCN" time="47.598" errors="0" timestamp="10 Oct 2018 17:12:06 GMT" skipped="0">
  <testcase classname="Publisher.PCN" name="newPCNApplication" time="47.598"/>
</testsuite> <!-- Publisher.PCN -->
