<?xml version="1.0" encoding="UTF-8"?>
<!-- Generated by org.testng.reporters.JUnitReportReporter -->
<testsuite hostname="LAPTOP-CQ4SEIPQ" failures="0" tests="5" name="UnitTests.Author_Application" time="41.554" errors="0" timestamp="04 Apr 2018 16:13:24 GMT" skipped="0">
  <testcase classname="UnitTests.Author_Application" name="Verify_Author_URL" time="6.775"/>
  <testcase classname="UnitTests.Author_Application" name="Verify_Author_Title" time="7.215"/>
  <testcase classname="UnitTests.Author_Application" name="Positive_Author_Login" time="9.216"/>
  <testcase classname="UnitTests.Author_Application" name="Negative_Author_Login" time="8.964"/>
  <testcase classname="UnitTests.Author_Application" name="Verify_New_Author_Button_Is_Enabled" time="9.384"/>
</testsuite> <!-- UnitTests.Author_Application -->
