<?xml version="1.0" encoding="UTF-8"?>
<!-- Generated by org.testng.reporters.JUnitReportReporter -->
<testsuite hostname="LAPTOP-CQ4SEIPQ" failures="0" tests="6" name="UnitTests.Author_Interface_Unit" time="51.000" errors="0" timestamp="04 May 2018 18:53:47 GMT" skipped="0">
  <testcase classname="UnitTests.Author_Interface_Unit" name="Verify_Author_URL" time="6.024"/>
  <testcase classname="UnitTests.Author_Interface_Unit" name="Verify_Author_Title" time="12.468"/>
  <testcase classname="UnitTests.Author_Interface_Unit" name="Positive_Author_Login" time="8.486"/>
  <testcase classname="UnitTests.Author_Interface_Unit" name="Negative_Author_Login" time="8.000"/>
  <testcase classname="UnitTests.Author_Interface_Unit" name="Verify_New_Author_Button_Is_Enabled" time="7.691"/>
  <testcase classname="UnitTests.Author_Interface_Unit" name="Verify_Author_LogOut" time="8.331"/>
</testsuite> <!-- UnitTests.Author_Interface_Unit -->
