<?xml version="1.0" encoding="UTF-8"?>
<!-- Generated by org.testng.reporters.JUnitReportReporter -->
<testsuite hostname="LAPTOP-CQ4SEIPQ" failures="0" tests="1" name="Author.Author_Registration" time="12.684" errors="0" timestamp="10 Oct 2018 17:41:35 GMT" skipped="0">
  <testcase classname="Author.Author_Registration" name="NewPublisherRegistration" time="12.684"/>
</testsuite> <!-- Author.Author_Registration -->
