<?xml version="1.0" encoding="UTF-8"?>
<!-- Generated by org.testng.reporters.JUnitReportReporter -->
<testsuite hostname="LAPTOP-CQ4SEIPQ" failures="0" tests="1" name="Author.Author_Loc" time="17.360" errors="0" timestamp="04 Apr 2018 05:45:03 GMT" skipped="0">
  <testcase classname="Author.Author_Loc" name="newLCCNRegistration" time="17.360"/>
</testsuite> <!-- Author.Author_Loc -->
