<?xml version="1.0" encoding="UTF-8"?>
<!-- Generated by org.testng.reporters.JUnitReportReporter -->
<testsuite hostname="LAPTOP-CQ4SEIPQ" failures="0" tests="1" name="Publisher.PCN_Application" time="90.714" errors="0" timestamp="20 Sep 2018 17:11:19 GMT" skipped="0">
  <testcase classname="Publisher.PCN_Application" name="newPCNApplication" time="90.714"/>
</testsuite> <!-- Publisher.PCN_Application -->
