<?xml version="1.0" encoding="UTF-8"?>
<!-- Generated by org.testng.reporters.JUnitReportReporter -->
<testsuite hostname="LAPTOP-CQ4SEIPQ" failures="0" tests="1" name="Publisher.Publisher_Registration" time="57.063" errors="0" timestamp="09 Apr 2018 18:05:49 GMT" skipped="0">
  <testcase classname="Publisher.Publisher_Registration" name="NewPublisherRegistration" time="57.063"/>
</testsuite> <!-- Publisher.Publisher_Registration -->
