<?xml version="1.0" encoding="UTF-8"?>
<!-- Generated by org.testng.reporters.JUnitReportReporter -->
<testsuite hostname="LAPTOP-CQ4SEIPQ" failures="0" tests="6" name="UnitTests.Publisher_Interface_Unit" time="46.687" errors="0" timestamp="04 May 2018 18:57:14 GMT" skipped="0">
  <testcase classname="UnitTests.Publisher_Interface_Unit" name="Verify_Publisher_URL" time="6.061"/>
  <testcase classname="UnitTests.Publisher_Interface_Unit" name="Verify_Publisher_Title" time="6.402"/>
  <testcase classname="UnitTests.Publisher_Interface_Unit" name="Positive_Publisher_Login" time="9.001"/>
  <testcase classname="UnitTests.Publisher_Interface_Unit" name="Negative_Publisher_Login" time="7.773"/>
  <testcase classname="UnitTests.Publisher_Interface_Unit" name="Verify_New_Publisher_Button_Is_Enabled" time="8.757"/>
  <testcase classname="UnitTests.Publisher_Interface_Unit" name="Verify_Publisher_LogOut" time="8.693"/>
</testsuite> <!-- UnitTests.Publisher_Interface_Unit -->
