<?xml version="1.0" encoding="UTF-8"?>
<!-- Generated by org.testng.reporters.JUnitReportReporter -->
<testsuite hostname="LAPTOP-CQ4SEIPQ" failures="0" tests="1" name="Publisher.CIP" time="70.002" errors="0" timestamp="10 Oct 2018 17:59:07 GMT" skipped="0">
  <testcase classname="Publisher.CIP" name="newCIPApplication" time="70.002"/>
</testsuite> <!-- Publisher.CIP -->
