<?xml version="1.0" encoding="UTF-8"?>
<!-- Generated by org.testng.reporters.JUnitReportReporter -->
<testsuite hostname="LAPTOP-CQ4SEIPQ" failures="0" tests="6" name="UnitTests.Author_Application" time="53.716" errors="0" timestamp="23 Apr 2018 16:31:21 GMT" skipped="0">
  <testcase classname="UnitTests.Author_Application" name="Verify_Author_URL" time="7.473"/>
  <testcase classname="UnitTests.Author_Application" name="Verify_Author_Title" time="6.391"/>
  <testcase classname="UnitTests.Author_Application" name="Positive_Author_Login" time="11.503"/>
  <testcase classname="UnitTests.Author_Application" name="Negative_Author_Login" time="9.333"/>
  <testcase classname="UnitTests.Author_Application" name="Verify_New_Author_Button_Is_Enabled" time="9.827"/>
  <testcase classname="UnitTests.Author_Application" name="Verify_Author_LogOut" time="9.189"/>
</testsuite> <!-- UnitTests.Author_Application -->
