<?xml version="1.0" encoding="UTF-8"?>
<!-- Generated by org.testng.reporters.JUnitReportReporter -->
<testsuite hostname="LAPTOP-CQ4SEIPQ" failures="0" tests="1" name="Author.LCCN" time="60.767" errors="0" timestamp="10 Oct 2018 16:38:34 GMT" skipped="0">
  <testcase classname="Author.LCCN" name="newLCCNRegistration" time="60.767"/>
</testsuite> <!-- Author.LCCN -->
