<?xml version="1.0" encoding="UTF-8"?>
<!-- Generated by org.testng.reporters.JUnitReportReporter -->
<testsuite hostname="LAPTOP-CQ4SEIPQ" failures="0" tests="1" name="Publisher.PCN_Application" time="58.573" errors="0" timestamp="04 May 2018 18:30:01 GMT" skipped="0">
  <testcase classname="Publisher.PCN_Application" name="newCIPApplication" time="58.573"/>
</testsuite> <!-- Publisher.PCN_Application -->
