<?xml version="1.0" encoding="UTF-8"?>
<!-- Generated by org.testng.reporters.JUnitReportReporter -->
<testsuite hostname="LAPTOP-CQ4SEIPQ" failures="0" tests="5" name="UnitTests.Publisher_Interface" time="41.828" errors="0" timestamp="23 Apr 2018 15:48:40 GMT" skipped="0">
  <testcase classname="UnitTests.Publisher_Interface" name="Verify_Publisher_URL" time="6.043"/>
  <testcase classname="UnitTests.Publisher_Interface" name="Verify_Publisher_Title" time="7.295"/>
  <testcase classname="UnitTests.Publisher_Interface" name="Positive_Publisher_Login" time="10.048"/>
  <testcase classname="UnitTests.Publisher_Interface" name="Negative_Publisher_Login" time="8.852"/>
  <testcase classname="UnitTests.Publisher_Interface" name="Verify_New_Publisher_Button_Is_Enabled" time="9.590"/>
</testsuite> <!-- UnitTests.Publisher_Interface -->
