<?xml version="1.0" encoding="UTF-8"?>
<!-- Generated by org.testng.reporters.JUnitReportReporter -->
<testsuite hostname="LAPTOP-CQ4SEIPQ" failures="0" tests="9" name="UnitTests.LCCN_Application_Unit" time="142.325" errors="0" timestamp="04 May 2018 19:10:14 GMT" skipped="0">
  <testcase classname="UnitTests.LCCN_Application_Unit" name="Navigate_To_LCCN_Application" time="8.825"/>
  <testcase classname="UnitTests.LCCN_Application_Unit" name="Verify_LCCN_WireFrames_Are_Enabled" time="9.137"/>
  <testcase classname="UnitTests.LCCN_Application_Unit" name="Verify_Six_WireFrames_Are_Present" time="11.246"/>
  <testcase classname="UnitTests.LCCN_Application_Unit" name="Complete_General_Information_Section" time="26.125"/>
  <testcase classname="UnitTests.LCCN_Application_Unit" name="Complete_Contributor_Information_Section" time="23.223"/>
  <testcase classname="UnitTests.LCCN_Application_Unit" name="Complete_Title_Page_Section" time="15.142"/>
  <testcase classname="UnitTests.LCCN_Application_Unit" name="Complete_Series_And_Volume_Information_Section" time="17.242"/>
  <testcase classname="UnitTests.LCCN_Application_Unit" name="Complete_Additional_Information_And_Summary_Section" time="17.182"/>
  <testcase classname="UnitTests.LCCN_Application_Unit" name="Navigate_To_Confirm_And_Submit_Section" time="14.203"/>
</testsuite> <!-- UnitTests.LCCN_Application_Unit -->
