<?xml version="1.0" encoding="UTF-8"?>
<!-- Generated by org.testng.reporters.JUnitReportReporter -->
<testsuite hostname="LAPTOP-CQ4SEIPQ" failures="0" tests="1" name="Author.LCCN_Application" time="45.412" errors="0" timestamp="04 May 2018 18:21:35 GMT" skipped="0">
  <testcase classname="Author.LCCN_Application" name="newLCCNRegistration" time="45.412"/>
</testsuite> <!-- Author.LCCN_Application -->
