<?xml version="1.0" encoding="UTF-8"?>
<!-- Generated by org.testng.reporters.JUnitReportReporter -->
<testsuite hostname="LAPTOP-CQ4SEIPQ" failures="0" tests="1" name="Publisher.Publisher_Registration" time="95.935" errors="0" timestamp="30 Mar 2018 13:57:10 GMT" skipped="0">
  <testcase classname="Publisher.Publisher_Registration" name="NewPublisherRegistration" time="95.935"/>
</testsuite> <!-- Publisher.Publisher_Registration -->
