<?xml version="1.0" encoding="UTF-8"?>
<!-- Generated by org.testng.reporters.JUnitReportReporter -->
<testsuite hostname="LAPTOP-CQ4SEIPQ" failures="0" tests="1" name="Author.LCCN_Application" time="38.697" errors="0" timestamp="12 Apr 2018 19:11:46 GMT" skipped="0">
  <testcase classname="Author.LCCN_Application" name="newLCCNRegistration" time="38.697"/>
</testsuite> <!-- Author.LCCN_Application -->
