<?xml version="1.0" encoding="UTF-8"?>
<!-- Generated by org.testng.reporters.JUnitReportReporter -->
<testsuite hostname="LAPTOP-CQ4SEIPQ" failures="0" tests="1" name="USDA.LoginLoad" time="8.162" errors="0" timestamp="22 Aug 2018 18:47:28 GMT" skipped="0">
  <testcase classname="USDA.LoginLoad" name="USDALogin" time="8.162"/>
</testsuite> <!-- USDA.LoginLoad -->
