<?xml version="1.0" encoding="UTF-8"?>
<!-- Generated by org.testng.reporters.JUnitReportReporter -->
<testsuite hostname="LAPTOP-CQ4SEIPQ" failures="0" tests="3" name="UnitTests.Backend_Login_Unit" time="65.860" errors="0" timestamp="08 Aug 2018 14:55:26 GMT" skipped="0">
  <testcase classname="UnitTests.Backend_Login_Unit" name="LiaisonGS8_Login" time="37.918"/>
  <testcase classname="UnitTests.Backend_Login_Unit" name="LiaisonGS9_Login" time="14.026"/>
  <testcase classname="UnitTests.Backend_Login_Unit" name="Liaison_Team_Lead_Login" time="13.916"/>
</testsuite> <!-- UnitTests.Backend_Login_Unit -->
