<?xml version="1.0" encoding="UTF-8"?>
<!-- Generated by org.testng.reporters.JUnitReportReporter -->
<testsuite hostname="LAPTOP-CQ4SEIPQ" failures="0" tests="1" name="Publisher.Publisher_Loc" time="57.946" errors="0" timestamp="30 Mar 2018 02:47:29 GMT" skipped="0">
  <testcase classname="Publisher.Publisher_Loc" name="pubLogin" time="57.946"/>
</testsuite> <!-- Publisher.Publisher_Loc -->
