<?xml version="1.0" encoding="UTF-8"?>
<!-- Generated by org.testng.reporters.JUnitReportReporter -->
<testsuite hostname="LAPTOP-CQ4SEIPQ" failures="0" tests="1" name="UnitTests.Author_Application" time="9.294" errors="0" timestamp="30 Mar 2018 03:31:53 GMT" skipped="0">
  <testcase classname="UnitTests.Author_Application" name="Negative_Author_Login" time="9.294"/>
</testsuite> <!-- UnitTests.Author_Application -->
