<?xml version="1.0" encoding="UTF-8"?>
<!-- Generated by org.testng.reporters.JUnitReportReporter -->
<testsuite hostname="LAPTOP-CQ4SEIPQ" failures="0" tests="5" name="UnitTests.PublisherApplicationUnit" time="13.271" errors="0" timestamp="29 Mar 2018 22:52:46 GMT" skipped="0">
  <testcase classname="UnitTests.PublisherApplicationUnit" name="navigateToPublisherPortal" time="7.034"/>
  <testcase classname="UnitTests.PublisherApplicationUnit" name="navigateToAuthorPortal" time="6.234"/>
  <testcase classname="UnitTests.PublisherApplicationUnit" name="navigateToC" time="0.001"/>
  <testcase classname="UnitTests.PublisherApplicationUnit" name="navigateToD" time="0.001"/>
  <testcase classname="UnitTests.PublisherApplicationUnit" name="navigateToE" time="0.001"/>
</testsuite> <!-- UnitTests.PublisherApplicationUnit -->
