<?xml version="1.0" encoding="UTF-8"?>
<!-- Generated by org.testng.reporters.JUnitReportReporter -->
<testsuite hostname="LAPTOP-CQ4SEIPQ" failures="0" tests="5" name="UnitTests.Author_Application" time="57.119" errors="0" timestamp="12 Apr 2018 19:17:17 GMT" skipped="0">
  <testcase classname="UnitTests.Author_Application" name="Verify_Author_URL" time="23.407"/>
  <testcase classname="UnitTests.Author_Application" name="Verify_Author_Title" time="6.814"/>
  <testcase classname="UnitTests.Author_Application" name="Positive_Author_Login" time="8.748"/>
  <testcase classname="UnitTests.Author_Application" name="Negative_Author_Login" time="8.929"/>
  <testcase classname="UnitTests.Author_Application" name="Verify_New_Author_Button_Is_Enabled" time="9.221"/>
</testsuite> <!-- UnitTests.Author_Application -->
