<?xml version="1.0" encoding="UTF-8"?>
<!-- Generated by org.testng.reporters.JUnitReportReporter -->
<testsuite hostname="LAPTOP-CQ4SEIPQ" failures="0" tests="1" name="UnitTests.CIP_Application" time="12.559" errors="0" timestamp="23 Apr 2018 16:07:28 GMT" skipped="0">
  <testcase classname="UnitTests.CIP_Application" name="Positive_Publisher_Login" time="12.559"/>
</testsuite> <!-- UnitTests.CIP_Application -->
