<?xml version="1.0" encoding="UTF-8"?>
<!-- Generated by org.testng.reporters.JUnitReportReporter -->
<testsuite hostname="LAPTOP-CQ4SEIPQ" failures="0" tests="6" name="USDA.Prism_login" time="100.253" errors="0" timestamp="13 Sep 2018 17:13:25 GMT" skipped="0">
  <testcase classname="USDA.Prism_login" name="prismcredentials1" time="16.314"/>
  <testcase classname="USDA.Prism_login" name="prismcredentials2" time="18.992"/>
  <testcase classname="USDA.Prism_login" name="prismcredentials3" time="23.448"/>
  <testcase classname="USDA.Prism_login" name="prismcredentials4" time="11.680"/>
  <testcase classname="USDA.Prism_login" name="prismcredentials5" time="14.649"/>
  <testcase classname="USDA.Prism_login" name="prismcredentials6" time="15.170"/>
</testsuite> <!-- USDA.Prism_login -->
