<?xml version="1.0" encoding="UTF-8"?>
<!-- Generated by org.testng.reporters.JUnitReportReporter -->
<testsuite hostname="LAPTOP-CQ4SEIPQ" failures="0" tests="10" name="UnitTests.CIP_Application_Unit" time="168.309" errors="0" timestamp="04 May 2018 18:04:53 GMT" skipped="0">
  <testcase classname="UnitTests.CIP_Application_Unit" name="Navigate_To_CIP_Application" time="13.322"/>
  <testcase classname="UnitTests.CIP_Application_Unit" name="verify_CIP_WireFrames_Are_Enabled" time="12.380"/>
  <testcase classname="UnitTests.CIP_Application_Unit" name="verify_Seven_Frames_Are_Present" time="8.277"/>
  <testcase classname="UnitTests.CIP_Application_Unit" name="complete_General_Information_Section" time="23.190"/>
  <testcase classname="UnitTests.CIP_Application_Unit" name="complete_Contributor_Information_Section" time="21.393"/>
  <testcase classname="UnitTests.CIP_Application_Unit" name="complete_Title_Page_Section" time="26.280"/>
  <testcase classname="UnitTests.CIP_Application_Unit" name="complete_Series_And_Volume_Information_Section" time="23.287"/>
  <testcase classname="UnitTests.CIP_Application_Unit" name="complete_Galley_Section" time="13.323"/>
  <testcase classname="UnitTests.CIP_Application_Unit" name="complete_Additional_Info_And_Summary_Section" time="14.497"/>
  <testcase classname="UnitTests.CIP_Application_Unit" name="navigate_To_Confirmation_Section" time="12.360"/>
</testsuite> <!-- UnitTests.CIP_Application_Unit -->
