<?xml version="1.0" encoding="UTF-8"?>
<!-- Generated by org.testng.reporters.JUnitReportReporter -->
<testsuite hostname="LAPTOP-CQ4SEIPQ" failures="0" tests="1" name="Publisher.Publisher_Loc" time="66.962" errors="0" timestamp="26 Mar 2018 20:12:32 GMT" skipped="0">
  <testcase classname="Publisher.Publisher_Loc" name="pubLogin" time="66.962"/>
</testsuite> <!-- Publisher.Publisher_Loc -->
