<?xml version="1.0" encoding="UTF-8"?>
<!-- Generated by org.testng.reporters.JUnitReportReporter -->
<testsuite hostname="LAPTOP-CQ4SEIPQ" failures="0" tests="2" name="UnitTests.Author_Application" time="17.438" errors="0" timestamp="30 Mar 2018 02:28:53 GMT" skipped="0">
  <testcase classname="UnitTests.Author_Application" name="Navigate_To_Author_Portal" time="10.972"/>
  <testcase classname="UnitTests.Author_Application" name="Positive_Author_Login" time="6.466"/>
</testsuite> <!-- UnitTests.Author_Application -->
