<?xml version="1.0" encoding="UTF-8"?>
<!-- Generated by org.testng.reporters.JUnitReportReporter -->
<testsuite hostname="LAPTOP-CQ4SEIPQ" failures="0" tests="5" name="UnitTests.Publisher_Application" time="59.376" errors="0" timestamp="13 Apr 2018 15:11:43 GMT" skipped="0">
  <testcase classname="UnitTests.Publisher_Application" name="Verify_Publisher_URL" time="9.722"/>
  <testcase classname="UnitTests.Publisher_Application" name="Verify_Publisher_Title" time="10.251"/>
  <testcase classname="UnitTests.Publisher_Application" name="Positive_Publisher_Login" time="14.117"/>
  <testcase classname="UnitTests.Publisher_Application" name="Negative_Publisher_Login" time="11.928"/>
  <testcase classname="UnitTests.Publisher_Application" name="Verify_New_Publisher_Button_Is_Enabled" time="13.358"/>
</testsuite> <!-- UnitTests.Publisher_Application -->
