<?xml version="1.0" encoding="UTF-8"?>
<!-- Generated by org.testng.reporters.JUnitReportReporter -->
<testsuite hostname="LAPTOP-CQ4SEIPQ" failures="0" tests="1" name="Author.LCCN_Application" time="56.086" errors="0" timestamp="20 Sep 2018 16:53:27 GMT" skipped="0">
  <testcase classname="Author.LCCN_Application" name="newLCCNRegistration" time="56.086"/>
</testsuite> <!-- Author.LCCN_Application -->
