<?xml version="1.0" encoding="UTF-8"?>
<!-- Generated by org.testng.reporters.JUnitReportReporter -->
<testsuite hostname="LAPTOP-CQ4SEIPQ" failures="0" tests="1" name="Publisher.Change_Request" time="13.531" errors="0" timestamp="10 Oct 2018 17:44:02 GMT" skipped="0">
  <testcase classname="Publisher.Change_Request" name="changeRequest" time="13.531"/>
</testsuite> <!-- Publisher.Change_Request -->
