<?xml version="1.0" encoding="UTF-8"?>
<!-- Generated by org.testng.reporters.JUnitReportReporter -->
<testsuite hostname="LAPTOP-CQ4SEIPQ" failures="0" tests="9" name="UnitTests.PCN_Application_Unit" time="145.954" errors="0" timestamp="04 May 2018 19:21:11 GMT" skipped="0">
  <testcase classname="UnitTests.PCN_Application_Unit" name="Navigate_To_PCN_Application" time="7.393"/>
  <testcase classname="UnitTests.PCN_Application_Unit" name="Verify_PCN_WireFrames_Are_Enabled" time="10.295"/>
  <testcase classname="UnitTests.PCN_Application_Unit" name="Verify_Six_WireFrames_Are_Present" time="13.004"/>
  <testcase classname="UnitTests.PCN_Application_Unit" name="Complete_General_Information_Section" time="24.625"/>
  <testcase classname="UnitTests.PCN_Application_Unit" name="Complete_Contributor_Information_Section" time="22.975"/>
  <testcase classname="UnitTests.PCN_Application_Unit" name="Complete_Title_Page_Section" time="21.683"/>
  <testcase classname="UnitTests.PCN_Application_Unit" name="Complete_Series_And_Volume_Information_Section" time="18.098"/>
  <testcase classname="UnitTests.PCN_Application_Unit" name="Complete_Summary_Contacts_And_Additional_Information_Section" time="14.296"/>
  <testcase classname="UnitTests.PCN_Application_Unit" name="Navigate_To_Confirm_And_Submit_Section" time="13.585"/>
</testsuite> <!-- UnitTests.PCN_Application_Unit -->
