<?xml version="1.0" encoding="UTF-8"?>
<!-- Generated by org.testng.reporters.JUnitReportReporter -->
<testsuite hostname="LAPTOP-CQ4SEIPQ" failures="0" tests="6" name="UnitTests.Author_Application_Unit" time="55.962" errors="0" timestamp="04 May 2018 17:24:48 GMT" skipped="0">
  <testcase classname="UnitTests.Author_Application_Unit" name="Verify_Author_URL" time="9.046"/>
  <testcase classname="UnitTests.Author_Application_Unit" name="Verify_Author_Title" time="8.837"/>
  <testcase classname="UnitTests.Author_Application_Unit" name="Positive_Author_Login" time="9.059"/>
  <testcase classname="UnitTests.Author_Application_Unit" name="Negative_Author_Login" time="9.827"/>
  <testcase classname="UnitTests.Author_Application_Unit" name="Verify_New_Author_Button_Is_Enabled" time="9.682"/>
  <testcase classname="UnitTests.Author_Application_Unit" name="Verify_Author_LogOut" time="9.511"/>
</testsuite> <!-- UnitTests.Author_Application_Unit -->
